[2024-07-17T18:45:40.026Z] Neue Anfrage erhalten {"body":{"line1":"Erste Zeile Text","line2":"Zweite Zeile Text","line3":"Dritte Zeile Text"},"file":{"fieldname":"image","originalname":"testbild.jpg","encoding":"7bit","mimetype":"image/jpeg","destination":"uploads/","filename":"e3c768d2aa26b22f6452517aa744bca6","path":"uploads\\e3c768d2aa26b22f6452517aa744bca6","size":5928386}}
[2024-07-17T18:45:40.046Z] Verarbeite Bild {"imagePath":"uploads\\e3c768d2aa26b22f6452517aa744bca6"}
[2024-07-17T18:45:40.050Z] Bild zugeschnitten ""
[2024-07-17T18:45:40.051Z] Verwende Schriftart {"fontPath":"C:\\Users\\morit\\Gruenerator\\gruenerator_backend\\gruenerator_frontend\\src\\assets\\fonts\\GrueneType.Woff"}
[2024-07-17T18:45:40.054Z] SVG erstellt ""
[2024-07-17T18:45:42.198Z] Bild und SVG kombiniert ""
[2024-07-17T18:45:42.221Z] Bild erfolgreich gesendet ""
[2024-07-17T18:45:42.240Z] Fehler beim Löschen der temporären Datei {"error":{"errno":-4048,"code":"EPERM","syscall":"unlink","path":"C:\\Users\\morit\\Gruenerator\\gruenerator_backend\\uploads\\e3c768d2aa26b22f6452517aa744bca6"}}
[2024-07-17T18:59:09.144Z] Neue Anfrage erhalten {"body":{"line1":"Erste Zeile Text","line2":"Zweite Zeile Text","line3":"Dritte Zeile Text"},"file":{"fieldname":"image","originalname":"testbild.jpg","encoding":"7bit","mimetype":"image/jpeg","destination":"uploads/","filename":"d0440d661b2a83d5908f87e28f179b86","path":"uploads\\d0440d661b2a83d5908f87e28f179b86","size":5928386}}
[2024-07-17T18:59:09.150Z] Verarbeite Bild {"imagePath":"uploads\\d0440d661b2a83d5908f87e28f179b86"}
[2024-07-17T18:59:09.151Z] Bild zugeschnitten ""
[2024-07-17T18:59:09.152Z] Verwende Schriftart {"fontPath":"C:\\Users\\morit\\Gruenerator\\gruenerator_backend\\gruenerator_frontend\\src\\assets\\fonts\\GrueneType.Woff"}
[2024-07-17T18:59:09.153Z] SVG erstellt ""
[2024-07-17T18:59:09.708Z] Bild und SVG kombiniert ""
[2024-07-17T18:59:09.713Z] Bild erfolgreich gesendet ""
[2024-07-17T18:59:09.717Z] Fehler beim Löschen der temporären Datei {"error":{"errno":-4048,"code":"EPERM","syscall":"unlink","path":"C:\\Users\\morit\\Gruenerator\\gruenerator_backend\\uploads\\d0440d661b2a83d5908f87e28f179b86"}}
[2024-07-17T19:03:58.369Z] Neue Anfrage erhalten {"body":{"line1":"Erste Zeile Text","line2":"Zweite Zeile Text","line3":"Dritte Zeile Text"},"file":{"fieldname":"image","originalname":"testbild.jpg","encoding":"7bit","mimetype":"image/jpeg","destination":"uploads/","filename":"4ab406046ca8311c5bad63efa1b22ddd","path":"uploads\\4ab406046ca8311c5bad63efa1b22ddd","size":5928386}}
[2024-07-17T19:03:58.375Z] Verarbeite Bild {"imagePath":"uploads\\4ab406046ca8311c5bad63efa1b22ddd"}
[2024-07-17T19:03:58.378Z] Bild zugeschnitten ""
[2024-07-17T19:03:58.379Z] Verwende Schriftart {"fontPath":"C:\\Users\\morit\\Gruenerator\\gruenerator_backend\\gruenerator_frontend\\src\\assets\\fonts\\GrueneType.Woff"}
[2024-07-17T19:03:58.381Z] SVG erstellt ""
[2024-07-17T19:03:58.934Z] Bild und SVG kombiniert ""
[2024-07-17T19:03:58.939Z] Bild erfolgreich gesendet ""
[2024-07-17T19:03:58.943Z] Fehler beim Löschen der temporären Datei {"error":{"errno":-4048,"code":"EPERM","syscall":"unlink","path":"C:\\Users\\morit\\Gruenerator\\gruenerator_backend\\uploads\\4ab406046ca8311c5bad63efa1b22ddd"}}
[2024-07-17T19:04:19.723Z] Neue Anfrage erhalten {"body":{"line1":"Erste Zeile Text","line2":"Zweite Zeile Text","line3":"Dritte Zeile Text"},"file":{"fieldname":"image","originalname":"testbild.jpg","encoding":"7bit","mimetype":"image/jpeg","destination":"uploads/","filename":"8e168c8267cb376509f8efecee80d086","path":"uploads\\8e168c8267cb376509f8efecee80d086","size":5928386}}
[2024-07-17T19:04:19.725Z] Verarbeite Bild {"imagePath":"uploads\\8e168c8267cb376509f8efecee80d086"}
[2024-07-17T19:04:19.726Z] Bild zugeschnitten ""
[2024-07-17T19:04:19.727Z] Verwende Schriftart {"fontPath":"C:\\Users\\morit\\Gruenerator\\gruenerator_backend\\gruenerator_frontend\\src\\assets\\fonts\\GrueneType.Woff"}
[2024-07-17T19:04:19.728Z] SVG erstellt ""
[2024-07-17T19:04:20.245Z] Bild und SVG kombiniert ""
[2024-07-17T19:04:20.247Z] Bild erfolgreich gesendet ""
[2024-07-17T19:04:20.250Z] Fehler beim Löschen der temporären Datei {"error":{"errno":-4048,"code":"EPERM","syscall":"unlink","path":"C:\\Users\\morit\\Gruenerator\\gruenerator_backend\\uploads\\8e168c8267cb376509f8efecee80d086"}}
[2024-07-17T19:06:35.363Z] Neue Anfrage erhalten {"body":{"line1":"Erste Zeile Text","line2":"Zweite Zeile Text","line3":"Dritte Zeile Text"},"file":{"fieldname":"image","originalname":"testbild.jpg","encoding":"7bit","mimetype":"image/jpeg","destination":"uploads/","filename":"cb892533bbac5f5a9480bce866a637b7","path":"uploads\\cb892533bbac5f5a9480bce866a637b7","size":5928386}}
[2024-07-17T19:06:35.369Z] Verarbeite Bild {"imagePath":"uploads\\cb892533bbac5f5a9480bce866a637b7"}
[2024-07-17T19:06:35.371Z] Bild zugeschnitten ""
[2024-07-17T19:06:35.372Z] Verwende Schriftart {"fontPath":"C:\\Users\\morit\\Gruenerator\\gruenerator_backend\\gruenerator_frontend\\src\\assets\\fonts\\GrueneType.Woff"}
[2024-07-17T19:06:35.374Z] SVG erstellt ""
[2024-07-17T19:06:35.946Z] Bild und SVG kombiniert ""
[2024-07-17T19:06:35.951Z] Bild erfolgreich gesendet ""
[2024-07-17T19:06:35.954Z] Fehler beim Löschen der temporären Datei {"error":{"errno":-4048,"code":"EPERM","syscall":"unlink","path":"C:\\Users\\morit\\Gruenerator\\gruenerator_backend\\uploads\\cb892533bbac5f5a9480bce866a637b7"}}
[2024-07-17T19:08:39.407Z] Neue Anfrage erhalten {"body":{"line1":"Erste Zeile Text","line2":"Zweite Zeile Text","line3":"Dritte Zeile Text"},"file":{"fieldname":"image","originalname":"testbild.jpg","encoding":"7bit","mimetype":"image/jpeg","destination":"uploads/","filename":"bf4775effc397e802e63250b231a8dfa","path":"uploads\\bf4775effc397e802e63250b231a8dfa","size":5928386}}
[2024-07-17T19:08:39.411Z] Verarbeite Bild {"imagePath":"uploads\\bf4775effc397e802e63250b231a8dfa"}
[2024-07-17T19:08:39.413Z] Bild zugeschnitten ""
[2024-07-17T19:08:39.414Z] Verwende Schriftart {"fontPath":"C:\\Users\\morit\\Gruenerator\\gruenerator_backend\\gruenerator_frontend\\src\\assets\\fonts\\GrueneType.Woff"}
[2024-07-17T19:08:39.415Z] SVG erstellt ""
[2024-07-17T19:08:39.904Z] Bild und SVG kombiniert ""
[2024-07-17T19:08:39.907Z] Bild erfolgreich gesendet ""
[2024-07-17T19:08:39.910Z] Fehler beim Löschen der temporären Datei {"error":{"errno":-4048,"code":"EPERM","syscall":"unlink","path":"C:\\Users\\morit\\Gruenerator\\gruenerator_backend\\uploads\\bf4775effc397e802e63250b231a8dfa"}}
[2024-07-17T19:10:51.129Z] Neue Anfrage erhalten {"body":{"line1":"Erste Zeile Text","line2":"Zweite Zeile Text","line3":"Dritte Zeile Text"},"file":{"fieldname":"image","originalname":"testbild.jpg","encoding":"7bit","mimetype":"image/jpeg","destination":"uploads/","filename":"e8d87fcfec9a7102b92b67fe254b9c5c","path":"uploads\\e8d87fcfec9a7102b92b67fe254b9c5c","size":5928386}}
[2024-07-17T19:10:51.140Z] Verarbeite Bild {"imagePath":"uploads\\e8d87fcfec9a7102b92b67fe254b9c5c"}
[2024-07-17T19:10:51.143Z] Bild zugeschnitten ""
[2024-07-17T19:10:51.144Z] Verwende Schriftart {"fontPath":"C:\\Users\\morit\\Gruenerator\\gruenerator_backend\\gruenerator_frontend\\src\\assets\\fonts\\GrueneType.Woff"}
[2024-07-17T19:10:51.145Z] SVG erstellt ""
[2024-07-17T19:10:51.713Z] Bild und SVG kombiniert ""
[2024-07-17T19:10:51.718Z] Bild erfolgreich gesendet ""
[2024-07-17T19:10:51.722Z] Fehler beim Löschen der temporären Datei {"error":{"errno":-4048,"code":"EPERM","syscall":"unlink","path":"C:\\Users\\morit\\Gruenerator\\gruenerator_backend\\uploads\\e8d87fcfec9a7102b92b67fe254b9c5c"}}
[2024-07-17T19:14:48.329Z] Neue Anfrage erhalten {"body":{"line1":"Erste Zeile Text","line2":"Zweite Zeile Text","line3":"Dritte Zeile Text"},"file":{"fieldname":"image","originalname":"testbild.jpg","encoding":"7bit","mimetype":"image/jpeg","destination":"uploads/","filename":"e1c60fad8ad22ca139d657ae13ec6cf0","path":"uploads\\e1c60fad8ad22ca139d657ae13ec6cf0","size":5928386}}
[2024-07-17T19:14:48.334Z] Verarbeite Bild {"imagePath":"uploads\\e1c60fad8ad22ca139d657ae13ec6cf0"}
[2024-07-17T19:14:48.337Z] Bild zugeschnitten ""
[2024-07-17T19:14:48.338Z] Verwende Schriftart {"fontPath":"C:\\Users\\morit\\Gruenerator\\gruenerator_backend\\gruenerator_frontend\\src\\assets\\fonts\\GrueneType.Woff"}
[2024-07-17T19:14:48.340Z] SVG erstellt ""
[2024-07-17T19:14:48.878Z] Bild und SVG kombiniert ""
[2024-07-17T19:14:48.883Z] Bild erfolgreich gesendet ""
[2024-07-17T19:14:48.886Z] Fehler beim Löschen der temporären Datei {"error":{"errno":-4048,"code":"EPERM","syscall":"unlink","path":"C:\\Users\\morit\\Gruenerator\\gruenerator_backend\\uploads\\e1c60fad8ad22ca139d657ae13ec6cf0"}}
[2024-07-17T19:19:44.407Z] Neue Anfrage erhalten {"body":{"line1":"Erste Zeile Text","line2":"Zweite Zeile Text","line3":"Dritte Zeile Text"},"file":{"fieldname":"image","originalname":"testbild.jpg","encoding":"7bit","mimetype":"image/jpeg","destination":"uploads/","filename":"0bf6af19229ece240fefe88f318431da","path":"uploads\\0bf6af19229ece240fefe88f318431da","size":5928386}}
[2024-07-17T19:19:44.413Z] Verarbeite Bild {"imagePath":"uploads\\0bf6af19229ece240fefe88f318431da"}
[2024-07-17T19:19:44.415Z] Bild zugeschnitten ""
[2024-07-17T19:19:44.416Z] Verwende Schriftart {"fontPath":"C:\\Users\\morit\\Gruenerator\\gruenerator_backend\\gruenerator_frontend\\src\\assets\\fonts\\GrueneType.Woff"}
[2024-07-17T19:19:45.446Z] SVG erstellt ""
[2024-07-17T19:19:45.998Z] Bild und SVG kombiniert ""
[2024-07-17T19:19:46.004Z] Bild erfolgreich gesendet ""
[2024-07-17T19:19:46.008Z] Fehler beim Löschen der temporären Datei {"error":{"errno":-4048,"code":"EPERM","syscall":"unlink","path":"C:\\Users\\morit\\Gruenerator\\gruenerator_backend\\uploads\\0bf6af19229ece240fefe88f318431da"}}
[2024-07-17T19:22:14.093Z] Neue Anfrage erhalten {"body":{"line1":"Erste Zeile Text","line2":"Zweite Zeile Text","line3":"Dritte Zeile Text"},"file":{"fieldname":"image","originalname":"testbild.jpg","encoding":"7bit","mimetype":"image/jpeg","destination":"uploads/","filename":"7eb728190f7d35f51215a584da065499","path":"uploads\\7eb728190f7d35f51215a584da065499","size":5928386}}
[2024-07-17T19:22:14.097Z] Verarbeite Bild {"imagePath":"uploads\\7eb728190f7d35f51215a584da065499"}
[2024-07-17T19:22:14.100Z] Bild zugeschnitten ""
[2024-07-17T19:22:14.101Z] Verwende Schriftart {"fontPath":"C:\\Users\\morit\\Gruenerator\\gruenerator_backend\\gruenerator_frontend\\src\\assets\\fonts\\GrueneType.Woff"}
[2024-07-17T19:22:14.102Z] SVG erstellt ""
[2024-07-17T19:22:14.665Z] Bild und SVG kombiniert ""
[2024-07-17T19:22:14.671Z] Bild erfolgreich gesendet ""
[2024-07-17T19:22:14.674Z] Fehler beim Löschen der temporären Datei {"error":{"errno":-4048,"code":"EPERM","syscall":"unlink","path":"C:\\Users\\morit\\Gruenerator\\gruenerator_backend\\uploads\\7eb728190f7d35f51215a584da065499"}}
[2024-07-17T19:23:36.811Z] Neue Anfrage erhalten {"body":{"line1":"Erste Zeile Text","line2":"Zweite Zeile Text","line3":"Dritte Zeile Text"},"file":{"fieldname":"image","originalname":"testbild.jpg","encoding":"7bit","mimetype":"image/jpeg","destination":"uploads/","filename":"772182f3bf2144b5a335bfadb518d4b2","path":"uploads\\772182f3bf2144b5a335bfadb518d4b2","size":5928386}}
[2024-07-17T19:23:36.815Z] Verarbeite Bild {"imagePath":"uploads\\772182f3bf2144b5a335bfadb518d4b2"}
[2024-07-17T19:23:36.817Z] Bild zugeschnitten ""
[2024-07-17T19:23:36.817Z] Verwende Schriftart {"fontPath":"C:\\Users\\morit\\Gruenerator\\gruenerator_backend\\gruenerator_frontend\\src\\assets\\fonts\\GrueneType.Woff"}
[2024-07-17T19:23:36.819Z] SVG erstellt ""
[2024-07-17T19:23:37.313Z] Bild und SVG kombiniert ""
[2024-07-17T19:23:37.316Z] Bild erfolgreich gesendet ""
[2024-07-17T19:23:37.319Z] Fehler beim Löschen der temporären Datei {"error":{"errno":-4048,"code":"EPERM","syscall":"unlink","path":"C:\\Users\\morit\\Gruenerator\\gruenerator_backend\\uploads\\772182f3bf2144b5a335bfadb518d4b2"}}
[2024-07-17T19:25:54.413Z] Neue Anfrage erhalten {"body":{"line1":"Erste Zeile Text","line2":"Zweite Zeile Text","line3":"Dritte Zeile"},"file":{"fieldname":"image","originalname":"testbild.jpg","encoding":"7bit","mimetype":"image/jpeg","destination":"uploads/","filename":"2d9d4b7cec123f454f9c07939cd65ea6","path":"uploads\\2d9d4b7cec123f454f9c07939cd65ea6","size":5928386}}
[2024-07-17T19:25:54.419Z] Verarbeite Bild {"imagePath":"uploads\\2d9d4b7cec123f454f9c07939cd65ea6"}
[2024-07-17T19:25:54.422Z] Bild zugeschnitten ""
[2024-07-17T19:25:54.424Z] Verwende Schriftart {"fontPath":"C:\\Users\\morit\\Gruenerator\\gruenerator_backend\\gruenerator_frontend\\src\\assets\\fonts\\GrueneType.Woff"}
[2024-07-17T19:25:54.425Z] SVG erstellt ""
[2024-07-17T19:25:55.076Z] Bild und SVG kombiniert ""
[2024-07-17T19:25:55.080Z] Bild erfolgreich gesendet ""
[2024-07-17T19:25:55.083Z] Fehler beim Löschen der temporären Datei {"error":{"errno":-4048,"code":"EPERM","syscall":"unlink","path":"C:\\Users\\morit\\Gruenerator\\gruenerator_backend\\uploads\\2d9d4b7cec123f454f9c07939cd65ea6"}}
[2024-07-17T19:28:13.644Z] Neue Anfrage erhalten {"body":{"line1":"Erste Zeile Text","line2":"Zweite Zeile Text","line3":"Dritte Zeile"},"file":{"fieldname":"image","originalname":"testbild.jpg","encoding":"7bit","mimetype":"image/jpeg","destination":"uploads/","filename":"9d2bd7cdd0b8c3cfc86505c5f19514a1","path":"uploads\\9d2bd7cdd0b8c3cfc86505c5f19514a1","size":5928386}}
[2024-07-17T19:28:13.648Z] Verarbeite Bild {"imagePath":"uploads\\9d2bd7cdd0b8c3cfc86505c5f19514a1"}
[2024-07-17T19:28:13.650Z] Bild zugeschnitten ""
[2024-07-17T19:28:13.651Z] Verwende Schriftart {"fontPath":"C:\\Users\\morit\\Gruenerator\\gruenerator_backend\\gruenerator_frontend\\src\\assets\\fonts\\GrueneType.Woff"}
[2024-07-17T19:28:13.653Z] SVG erstellt ""
[2024-07-17T19:28:14.161Z] Bild und SVG kombiniert ""
[2024-07-17T19:28:14.165Z] Bild erfolgreich gesendet ""
[2024-07-17T19:28:14.167Z] Fehler beim Löschen der temporären Datei {"error":{"errno":-4048,"code":"EPERM","syscall":"unlink","path":"C:\\Users\\morit\\Gruenerator\\gruenerator_backend\\uploads\\9d2bd7cdd0b8c3cfc86505c5f19514a1"}}
[2024-07-17T19:31:37.755Z] Neue Anfrage erhalten {"body":{"line1":"Erste Zeile Text","line2":"Zweite Zeile Text","line3":"Dritte Zeile"},"file":{"fieldname":"image","originalname":"testbild.jpg","encoding":"7bit","mimetype":"image/jpeg","destination":"uploads/","filename":"bb641d819569385f396b02c7292288d5","path":"uploads\\bb641d819569385f396b02c7292288d5","size":5928386}}
[2024-07-17T19:31:37.759Z] Verarbeite Bild {"imagePath":"uploads\\bb641d819569385f396b02c7292288d5"}
[2024-07-17T19:31:37.762Z] Bild zugeschnitten ""
[2024-07-17T19:31:37.771Z] Verwende Schriftart {"fontPath":"C:\\Users\\morit\\Gruenerator\\gruenerator_backend\\gruenerator_frontend\\src\\assets\\fonts\\GrueneType.Woff"}
[2024-07-17T19:31:37.773Z] SVG erstellt ""
[2024-07-17T19:31:38.362Z] Bild und SVG kombiniert ""
[2024-07-17T19:31:38.365Z] Bild erfolgreich gesendet ""
[2024-07-17T19:31:38.368Z] Fehler beim Löschen der temporären Datei {"error":{"errno":-4048,"code":"EPERM","syscall":"unlink","path":"C:\\Users\\morit\\Gruenerator\\gruenerator_backend\\uploads\\bb641d819569385f396b02c7292288d5"}}
[2024-07-17T19:33:05.300Z] Neue Anfrage erhalten {"body":{"line1":"Erste Zeile Text","line2":"Zweite Zeile Text","line3":"Dritte Zeile Text"},"file":{"fieldname":"image","originalname":"testbild.jpg","encoding":"7bit","mimetype":"image/jpeg","destination":"uploads/","filename":"b3bea2ab75df809d01c636b564872b58","path":"uploads\\b3bea2ab75df809d01c636b564872b58","size":5928386}}
[2024-07-17T19:33:05.304Z] Verarbeite Bild {"imagePath":"uploads\\b3bea2ab75df809d01c636b564872b58"}
[2024-07-17T19:33:05.306Z] Bild zugeschnitten ""
[2024-07-17T19:33:05.307Z] Verwende Schriftart {"fontPath":"C:\\Users\\morit\\Gruenerator\\gruenerator_backend\\gruenerator_frontend\\src\\assets\\fonts\\GrueneType.Woff"}
[2024-07-17T19:33:05.308Z] SVG erstellt ""
[2024-07-17T19:33:05.842Z] Bild und SVG kombiniert ""
[2024-07-17T19:33:05.844Z] Bild erfolgreich gesendet ""
[2024-07-17T19:33:05.849Z] Fehler beim Löschen der temporären Datei {"error":{"errno":-4048,"code":"EPERM","syscall":"unlink","path":"C:\\Users\\morit\\Gruenerator\\gruenerator_backend\\uploads\\b3bea2ab75df809d01c636b564872b58"}}
[2024-07-17T19:35:51.904Z] Neue Anfrage erhalten {"body":{"line1":"Erste Zeile Text","line2":"Zweite Zeile Text","line3":"Dritte Zeile Text"},"file":{"fieldname":"image","originalname":"testbild.jpg","encoding":"7bit","mimetype":"image/jpeg","destination":"uploads/","filename":"3ef43552091de288bb60544ae2b5f361","path":"uploads\\3ef43552091de288bb60544ae2b5f361","size":5928386}}
[2024-07-17T19:35:51.908Z] Verarbeite Bild {"imagePath":"uploads\\3ef43552091de288bb60544ae2b5f361"}
[2024-07-17T19:35:51.910Z] Bild zugeschnitten ""
[2024-07-17T19:35:51.911Z] Verwende Schriftart {"fontPath":"C:\\Users\\morit\\Gruenerator\\gruenerator_backend\\routes\\sharepic\\fonts\\GrueneType.Woff"}
[2024-07-17T19:35:51.912Z] SVG erstellt ""
[2024-07-17T19:35:52.490Z] Bild und SVG kombiniert ""
[2024-07-17T19:35:52.494Z] Bild erfolgreich gesendet ""
[2024-07-17T19:35:52.498Z] Fehler beim Löschen der temporären Datei {"error":{"errno":-4048,"code":"EPERM","syscall":"unlink","path":"C:\\Users\\morit\\Gruenerator\\gruenerator_backend\\uploads\\3ef43552091de288bb60544ae2b5f361"}}
[2024-07-17T19:35:52.500Z] Fehler beim endgültigen Löschen der temporären Datei {"error":{"errno":-4048,"code":"EPERM","syscall":"unlink","path":"C:\\Users\\morit\\Gruenerator\\gruenerator_backend\\uploads\\3ef43552091de288bb60544ae2b5f361"}}
